# JRE version: OpenJDK Runtime Environment GraalVM CE 22.3.0 (17.0.5+8) (build 17.0.5+8-jvmci-22.3-b08)
# Java VM: OpenJDK 64-Bit Server VM GraalVM CE 22.3.0 (17.0.5+8-jvmci-22.3-b08, mixed mode, sharing, tiered, jvmci, jvmci compiler, compressed oops, compressed class ptrs, parallel gc, linux-amd64)
GC Precious Log:
 CPUs: 8 total, 1 available
 Memory: 1024M
 Large Page Support: Disabled
 NUMA Support: Disabled
 Compressed Oops: Enabled (32-bit)
 Alignments: Space 512K, Generation 512K, Heap 2M
 Heap Min Capacity: 100M
 Heap Initial Capacity: 100M
 Heap Max Capacity: 512M
 Pre-touch: Disabled
 Parallel Workers: 1
Heap:
 PSYoungGen      total 57344K, used 40959K [0x00000000f5580000, 0x00000000f9f80000, 0x0000000100000000)
  eden space 40960K, 99% used [0x00000000f5580000,0x00000000f7d7fff8,0x00000000f7d80000)
  from space 16384K, 0% used [0x00000000f7d80000,0x00000000f7d80000,0x00000000f8d80000)
  to   space 16384K, 0% used [0x00000000f8f80000,0x00000000f8f80000,0x00000000f9f80000)
 ParOldGen       total 349696K, used 349694K [0x00000000e0000000, 0x00000000f5580000, 0x00000000f5580000)
  object space 349696K, 99% used [0x00000000e0000000,0x00000000f557f960,0x00000000f5580000)
 Metaspace       used 59195K, committed 60032K, reserved 1105920K
  class space    used 5480K, committed 5824K, reserved 1048576K
GC Heap History (20 events):
Event: 3223.226 GC heap before
{Heap before GC invocations=2392 (full 2260):
 PSYoungGen      total 57344K, used 40959K [0x00000000f5580000, 0x00000000f9f80000, 0x0000000100000000)
  eden space 40960K, 99% used [0x00000000f5580000,0x00000000f7d7ffe0,0x00000000f7d80000)
  from space 16384K, 0% used [0x00000000f7d80000,0x00000000f7d80000,0x00000000f8d80000)
  to   space 16384K, 0% used [0x00000000f8f80000,0x00000000f8f80000,0x00000000f9f80000)
 ParOldGen       total 349696K, used 349689K [0x00000000e0000000, 0x00000000f5580000, 0x00000000f5580000)
  object space 349696K, 99% used [0x00000000e0000000,0x00000000f557e480,0x00000000f5580000)
 Metaspace       used 59195K, committed 60032K, reserved 1105920K
  class space    used 5480K, committed 5824K, reserved 1048576K
}
Event: 3225.327 GC heap after
{Heap after GC invocations=2392 (full 2260):
 PSYoungGen      total 57344K, used 40959K [0x00000000f5580000, 0x00000000f9f80000, 0x0000000100000000)
  eden space 40960K, 99% used [0x00000000f5580000,0x00000000f7d7ffc0,0x00000000f7d80000)
  from space 16384K, 0% used [0x00000000f8f80000,0x00000000f8f80000,0x00000000f9f80000)
  to   space 16384K, 0% used [0x00000000f7d80000,0x00000000f7d80000,0x00000000f8d80000)
 ParOldGen       total 349696K, used 349689K [0x00000000e0000000, 0x00000000f5580000, 0x00000000f5580000)
  object space 349696K, 99% used [0x00000000e0000000,0x00000000f557e480,0x00000000f5580000)
 Metaspace       used 59195K, committed 60032K, reserved 1105920K
  class space    used 5480K, committed 5824K, reserved 1048576K
}
Event: 3225.327 GC heap before
{Heap before GC invocations=2393 (full 2261):
 PSYoungGen      total 57344K, used 40960K [0x00000000f5580000, 0x00000000f9f80000, 0x0000000100000000)
  eden space 40960K, 100% used [0x00000000f5580000,0x00000000f7d80000,0x00000000f7d80000)
  from space 16384K, 0% used [0x00000000f8f80000,0x00000000f8f80000,0x00000000f9f80000)
  to   space 16384K, 0% used [0x00000000f7d80000,0x00000000f7d80000,0x00000000f8d80000)
 ParOldGen       total 349696K, used 349689K [0x00000000e0000000, 0x00000000f5580000, 0x00000000f5580000)
  object space 349696K, 99% used [0x00000000e0000000,0x00000000f557e480,0x00000000f5580000)
 Metaspace       used 59195K, committed 60032K, reserved 1105920K
  class space    used 5480K, committed 5824K, reserved 1048576K
}
Event: 3227.592 GC heap after
{Heap after GC invocations=2393 (full 2261):
 PSYoungGen      total 57344K, used 40959K [0x00000000f5580000, 0x00000000f9f80000, 0x0000000100000000)
  eden space 40960K, 99% used [0x00000000f5580000,0x00000000f7d7ffd0,0x00000000f7d80000)
  from space 16384K, 0% used [0x00000000f7d80000,0x00000000f7d80000,0x00000000f8d80000)
  to   space 16384K, 0% used [0x00000000f8f80000,0x00000000f8f80000,0x00000000f9f80000)
 ParOldGen       total 349696K, used 349689K [0x00000000e0000000, 0x00000000f5580000, 0x00000000f5580000)
  object space 349696K, 99% used [0x00000000e0000000,0x00000000f557e480,0x00000000f5580000)
 Metaspace       used 59195K, committed 60032K, reserved 1105920K
  class space    used 5480K, committed 5824K, reserved 1048576K
}
Event: 3227.593 GC heap before
{Heap before GC invocations=2394 (full 2262):
 PSYoungGen      total 57344K, used 40960K [0x00000000f5580000, 0x00000000f9f80000, 0x0000000100000000)
  eden space 40960K, 100% used [0x00000000f5580000,0x00000000f7d80000,0x00000000f7d80000)
  from space 16384K, 0% used [0x00000000f7d80000,0x00000000f7d80000,0x00000000f8d80000)
  to   space 16384K, 0% used [0x00000000f8f80000,0x00000000f8f80000,0x00000000f9f80000)
 ParOldGen       total 349696K, used 349689K [0x00000000e0000000, 0x00000000f5580000, 0x00000000f5580000)
  object space 349696K, 99% used [0x00000000e0000000,0x00000000f557e480,0x00000000f5580000)
 Metaspace       used 59195K, committed 60032K, reserved 1105920K
  class space    used 5480K, committed 5824K, reserved 1048576K
}
Event: 3229.824 GC heap after
{Heap after GC invocations=2394 (full 2262):
 PSYoungGen      total 57344K, used 40960K [0x00000000f5580000, 0x00000000f9f80000, 0x0000000100000000)
  eden space 40960K, 100% used [0x00000000f5580000,0x00000000f7d80000,0x00000000f7d80000)
  from space 16384K, 0% used [0x00000000f8f80000,0x00000000f8f80000,0x00000000f9f80000)
  to   space 16384K, 0% used [0x00000000f7d80000,0x00000000f7d80000,0x00000000f8d80000)
 ParOldGen       total 349696K, used 349689K [0x00000000e0000000, 0x00000000f5580000, 0x00000000f5580000)
  object space 349696K, 99% used [0x00000000e0000000,0x00000000f557e480,0x00000000f5580000)
 Metaspace       used 59195K, committed 60032K, reserved 1105920K
  class space    used 5480K, committed 5824K, reserved 1048576K
}
Event: 3229.824 GC heap before
{Heap before GC invocations=2395 (full 2263):
 PSYoungGen      total 57344K, used 40960K [0x00000000f5580000, 0x00000000f9f80000, 0x0000000100000000)
  eden space 40960K, 100% used [0x00000000f5580000,0x00000000f7d80000,0x00000000f7d80000)
  from space 16384K, 0% used [0x00000000f8f80000,0x00000000f8f80000,0x00000000f9f80000)
  to   space 16384K, 0% used [0x00000000f7d80000,0x00000000f7d80000,0x00000000f8d80000)
 ParOldGen       total 349696K, used 349694K [0x00000000e0000000, 0x00000000f5580000, 0x00000000f5580000)
  object space 349696K, 99% used [0x00000000e0000000,0x00000000f557f868,0x00000000f5580000)
 Metaspace       used 59195K, committed 60032K, reserved 1105920K
  class space    used 5480K, committed 5824K, reserved 1048576K
}
Event: 3232.106 GC heap after
{Heap after GC invocations=2395 (full 2263):
 PSYoungGen      total 57344K, used 40959K [0x00000000f5580000, 0x00000000f9f80000, 0x0000000100000000)
  eden space 40960K, 99% used [0x00000000f5580000,0x00000000f7d7ffb0,0x00000000f7d80000)
  from space 16384K, 0% used [0x00000000f7d80000,0x00000000f7d80000,0x00000000f8d80000)
  to   space 16384K, 0% used [0x00000000f8f80000,0x00000000f8f80000,0x00000000f9f80000)
 ParOldGen       total 349696K, used 349693K [0x00000000e0000000, 0x00000000f5580000, 0x00000000f5580000)
  object space 349696K, 99% used [0x00000000e0000000,0x00000000f557f6a0,0x00000000f5580000)
 Metaspace       used 59195K, committed 60032K, reserved 1105920K
  class space    used 5480K, committed 5824K, reserved 1048576K
}
Event: 3232.107 GC heap before
{Heap before GC invocations=2396 (full 2264):
 PSYoungGen      total 57344K, used 40960K [0x00000000f5580000, 0x00000000f9f80000, 0x0000000100000000)
  eden space 40960K, 100% used [0x00000000f5580000,0x00000000f7d80000,0x00000000f7d80000)
  from space 16384K, 0% used [0x00000000f7d80000,0x00000000f7d80000,0x00000000f8d80000)
  to   space 16384K, 0% used [0x00000000f8f80000,0x00000000f8f80000,0x00000000f9f80000)
 ParOldGen       total 349696K, used 349693K [0x00000000e0000000, 0x00000000f5580000, 0x00000000f5580000)
  object space 349696K, 99% used [0x00000000e0000000,0x00000000f557f6a0,0x00000000f5580000)
 Metaspace       used 59195K, committed 60032K, reserved 1105920K
  class space    used 5480K, committed 5824K, reserved 1048576K
}
Event: 3234.285 GC heap after
{Heap after GC invocations=2396 (full 2264):
 PSYoungGen      total 57344K, used 40959K [0x00000000f5580000, 0x00000000f9f80000, 0x0000000100000000)
  eden space 40960K, 99% used [0x00000000f5580000,0x00000000f7d7ffe0,0x00000000f7d80000)
  from space 16384K, 0% used [0x00000000f8f80000,0x00000000f8f80000,0x00000000f9f80000)
  to   space 16384K, 0% used [0x00000000f7d80000,0x00000000f7d80000,0x00000000f8d80000)
 ParOldGen       total 349696K, used 349693K [0x00000000e0000000, 0x00000000f5580000, 0x00000000f5580000)
  object space 349696K, 99% used [0x00000000e0000000,0x00000000f557f680,0x00000000f5580000)
 Metaspace       used 59195K, committed 60032K, reserved 1105920K
  class space    used 5480K, committed 5824K, reserved 1048576K
}
Event: 3234.292 GC heap before
{Heap before GC invocations=2397 (full 2265):
 PSYoungGen      total 57344K, used 40960K [0x00000000f5580000, 0x00000000f9f80000, 0x0000000100000000)
  eden space 40960K, 100% used [0x00000000f5580000,0x00000000f7d80000,0x00000000f7d80000)
  from space 16384K, 0% used [0x00000000f8f80000,0x00000000f8f80000,0x00000000f9f80000)
  to   space 16384K, 0% used [0x00000000f7d80000,0x00000000f7d80000,0x00000000f8d80000)
 ParOldGen       total 349696K, used 349693K [0x00000000e0000000, 0x00000000f5580000, 0x00000000f5580000)
  object space 349696K, 99% used [0x00000000e0000000,0x00000000f557f680,0x00000000f5580000)
 Metaspace       used 59195K, committed 60032K, reserved 1105920K
  class space    used 5480K, committed 5824K, reserved 1048576K
}
Event: 3235.989 GC heap after
{Heap after GC invocations=2397 (full 2265):
 PSYoungGen      total 57344K, used 40960K [0x00000000f5580000, 0x00000000f9f80000, 0x0000000100000000)
  eden space 40960K, 100% used [0x00000000f5580000,0x00000000f7d80000,0x00000000f7d80000)
  from space 16384K, 0% used [0x00000000f7d80000,0x00000000f7d80000,0x00000000f8d80000)
  to   space 16384K, 0% used [0x00000000f8f80000,0x00000000f8f80000,0x00000000f9f80000)
 ParOldGen       total 349696K, used 349693K [0x00000000e0000000, 0x00000000f5580000, 0x00000000f5580000)
  object space 349696K, 99% used [0x00000000e0000000,0x00000000f557f680,0x00000000f5580000)
 Metaspace       used 59195K, committed 60032K, reserved 1105920K
  class space    used 5480K, committed 5824K, reserved 1048576K
}
Event: 3235.990 GC heap before
{Heap before GC invocations=2398 (full 2266):
 PSYoungGen      total 57344K, used 40960K [0x00000000f5580000, 0x00000000f9f80000, 0x0000000100000000)
  eden space 40960K, 100% used [0x00000000f5580000,0x00000000f7d80000,0x00000000f7d80000)
  from space 16384K, 0% used [0x00000000f7d80000,0x00000000f7d80000,0x00000000f8d80000)
  to   space 16384K, 0% used [0x00000000f8f80000,0x00000000f8f80000,0x00000000f9f80000)
 ParOldGen       total 349696K, used 349696K [0x00000000e0000000, 0x00000000f5580000, 0x00000000f5580000)
  object space 349696K, 100% used [0x00000000e0000000,0x00000000f5580000,0x00000000f5580000)
 Metaspace       used 59195K, committed 60032K, reserved 1105920K
  class space    used 5480K, committed 5824K, reserved 1048576K
}
Event: 3237.510 GC heap after
{Heap after GC invocations=2398 (full 2266):
 PSYoungGen      total 57344K, used 40959K [0x00000000f5580000, 0x00000000f9f80000, 0x0000000100000000)
  eden space 40960K, 99% used [0x00000000f5580000,0x00000000f7d7ff10,0x00000000f7d80000)
  from space 16384K, 0% used [0x00000000f8f80000,0x00000000f8f80000,0x00000000f9f80000)
  to   space 16384K, 0% used [0x00000000f7d80000,0x00000000f7d80000,0x00000000f8d80000)
 ParOldGen       total 349696K, used 349693K [0x00000000e0000000, 0x00000000f5580000, 0x00000000f5580000)
  object space 349696K, 99% used [0x00000000e0000000,0x00000000f557f708,0x00000000f5580000)
 Metaspace       used 59195K, committed 60032K, reserved 1105920K
  class space    used 5480K, committed 5824K, reserved 1048576K
}
Event: 3237.510 GC heap before
{Heap before GC invocations=2399 (full 2267):
 PSYoungGen      total 57344K, used 40959K [0x00000000f5580000, 0x00000000f9f80000, 0x0000000100000000)
  eden space 40960K, 99% used [0x00000000f5580000,0x00000000f7d7ffe0,0x00000000f7d80000)
  from space 16384K, 0% used [0x00000000f8f80000,0x00000000f8f80000,0x00000000f9f80000)
  to   space 16384K, 0% used [0x00000000f7d80000,0x00000000f7d80000,0x00000000f8d80000)
 ParOldGen       total 349696K, used 349693K [0x00000000e0000000, 0x00000000f5580000, 0x00000000f5580000)
  object space 349696K, 99% used [0x00000000e0000000,0x00000000f557f708,0x00000000f5580000)
 Metaspace       used 59195K, committed 60032K, reserved 1105920K
  class space    used 5480K, committed 5824K, reserved 1048576K
}
Event: 3239.106 GC heap after
{Heap after GC invocations=2399 (full 2267):
 PSYoungGen      total 57344K, used 40959K [0x00000000f5580000, 0x00000000f9f80000, 0x0000000100000000)
  eden space 40960K, 99% used [0x00000000f5580000,0x00000000f7d7ffc8,0x00000000f7d80000)
  from space 16384K, 0% used [0x00000000f7d80000,0x00000000f7d80000,0x00000000f8d80000)
  to   space 16384K, 0% used [0x00000000f8f80000,0x00000000f8f80000,0x00000000f9f80000)
 ParOldGen       total 349696K, used 349693K [0x00000000e0000000, 0x00000000f5580000, 0x00000000f5580000)
  object space 349696K, 99% used [0x00000000e0000000,0x00000000f557f6a0,0x00000000f5580000)
 Metaspace       used 59195K, committed 60032K, reserved 1105920K
  class space    used 5480K, committed 5824K, reserved 1048576K
}
Event: 3239.106 GC heap before
{Heap before GC invocations=2400 (full 2268):
 PSYoungGen      total 57344K, used 40960K [0x00000000f5580000, 0x00000000f9f80000, 0x0000000100000000)
  eden space 40960K, 100% used [0x00000000f5580000,0x00000000f7d80000,0x00000000f7d80000)
  from space 16384K, 0% used [0x00000000f7d80000,0x00000000f7d80000,0x00000000f8d80000)
  to   space 16384K, 0% used [0x00000000f8f80000,0x00000000f8f80000,0x00000000f9f80000)
 ParOldGen       total 349696K, used 349695K [0x00000000e0000000, 0x00000000f5580000, 0x00000000f5580000)
  object space 349696K, 99% used [0x00000000e0000000,0x00000000f557fd08,0x00000000f5580000)
 Metaspace       used 59195K, committed 60032K, reserved 1105920K
  class space    used 5480K, committed 5824K, reserved 1048576K
}
Event: 3240.809 GC heap after
{Heap after GC invocations=2400 (full 2268):
 PSYoungGen      total 57344K, used 40959K [0x00000000f5580000, 0x00000000f9f80000, 0x0000000100000000)
  eden space 40960K, 99% used [0x00000000f5580000,0x00000000f7d7ffa8,0x00000000f7d80000)
  from space 16384K, 0% used [0x00000000f8f80000,0x00000000f8f80000,0x00000000f9f80000)
  to   space 16384K, 0% used [0x00000000f7d80000,0x00000000f7d80000,0x00000000f8d80000)
 ParOldGen       total 349696K, used 349694K [0x00000000e0000000, 0x00000000f5580000, 0x00000000f5580000)
  object space 349696K, 99% used [0x00000000e0000000,0x00000000f557f828,0x00000000f5580000)
 Metaspace       used 59195K, committed 60032K, reserved 1105920K
  class space    used 5480K, committed 5824K, reserved 1048576K
}
Event: 3240.809 GC heap before
{Heap before GC invocations=2401 (full 2269):
 PSYoungGen      total 57344K, used 40959K [0x00000000f5580000, 0x00000000f9f80000, 0x0000000100000000)
  eden space 40960K, 99% used [0x00000000f5580000,0x00000000f7d7ffa8,0x00000000f7d80000)
  from space 16384K, 0% used [0x00000000f8f80000,0x00000000f8f80000,0x00000000f9f80000)
  to   space 16384K, 0% used [0x00000000f7d80000,0x00000000f7d80000,0x00000000f8d80000)
 ParOldGen       total 349696K, used 349694K [0x00000000e0000000, 0x00000000f5580000, 0x00000000f5580000)
  object space 349696K, 99% used [0x00000000e0000000,0x00000000f557f828,0x00000000f5580000)
 Metaspace       used 59195K, committed 60032K, reserved 1105920K
  class space    used 5480K, committed 5824K, reserved 1048576K
}
Event: 3242.306 GC heap after
{Heap after GC invocations=2401 (full 2269):
 PSYoungGen      total 57344K, used 40959K [0x00000000f5580000, 0x00000000f9f80000, 0x0000000100000000)
  eden space 40960K, 99% used [0x00000000f5580000,0x00000000f7d7ff40,0x00000000f7d80000)
  from space 16384K, 0% used [0x00000000f7d80000,0x00000000f7d80000,0x00000000f8d80000)
  to   space 16384K, 0% used [0x00000000f8f80000,0x00000000f8f80000,0x00000000f9f80000)
 ParOldGen       total 349696K, used 349693K [0x00000000e0000000, 0x00000000f5580000, 0x00000000f5580000)
  object space 349696K, 99% used [0x00000000e0000000,0x00000000f557f7b0,0x00000000f5580000)
 Metaspace       used 59195K, committed 60032K, reserved 1105920K
  class space    used 5480K, committed 5824K, reserved 1048576K
}

