# JRE version: OpenJDK Runtime Environment GraalVM CE 22.3.0 (17.0.5+8) (build 17.0.5+8-jvmci-22.3-b08)
# Java VM: OpenJDK 64-Bit Server VM GraalVM CE 22.3.0 (17.0.5+8-jvmci-22.3-b08, mixed mode, sharing, tiered, jvmci, jvmci compiler, compressed oops, compressed class ptrs, parallel gc, linux-amd64)
GC Precious Log:
 CPUs: 8 total, 1 available
 Memory: 1024M
 Large Page Support: Disabled
 NUMA Support: Disabled
 Compressed Oops: Enabled (32-bit)
 Alignments: Space 512K, Generation 512K, Heap 2M
 Heap Min Capacity: 100M
 Heap Initial Capacity: 100M
 Heap Max Capacity: 512M
 Pre-touch: Disabled
 Parallel Workers: 1
Heap:
 PSYoungGen      total 52736K, used 28671K [0x00000000f5580000, 0x00000000fa180000, 0x0000000100000000)
  eden space 28672K, 99% used [0x00000000f5580000,0x00000000f717fdc0,0x00000000f7180000)
  from space 24064K, 0% used [0x00000000f7180000,0x00000000f7180000,0x00000000f8900000)
  to   space 14336K, 0% used [0x00000000f8900000,0x00000000f8900000,0x00000000f9700000)
 ParOldGen       total 349696K, used 349693K [0x00000000e0000000, 0x00000000f5580000, 0x00000000f5580000)
  object space 349696K, 99% used [0x00000000e0000000,0x00000000f557f710,0x00000000f5580000)
 Metaspace       used 64700K, committed 65728K, reserved 1114112K
  class space    used 6292K, committed 6720K, reserved 1048576K
GC Heap History (20 events):
Event: 1256.599 GC heap before
{Heap before GC invocations=824 (full 749):
 PSYoungGen      total 52736K, used 28671K [0x00000000f5580000, 0x00000000fa180000, 0x0000000100000000)
  eden space 28672K, 99% used [0x00000000f5580000,0x00000000f717fff8,0x00000000f7180000)
  from space 24064K, 0% used [0x00000000f7180000,0x00000000f7180000,0x00000000f8900000)
  to   space 14336K, 0% used [0x00000000f8900000,0x00000000f8900000,0x00000000f9700000)
 ParOldGen       total 349696K, used 349689K [0x00000000e0000000, 0x00000000f5580000, 0x00000000f5580000)
  object space 349696K, 99% used [0x00000000e0000000,0x00000000f557e770,0x00000000f5580000)
 Metaspace       used 64698K, committed 65728K, reserved 1114112K
  class space    used 6292K, committed 6720K, reserved 1048576K
}
Event: 1257.575 GC heap after
{Heap after GC invocations=824 (full 749):
 PSYoungGen      total 43008K, used 28671K [0x00000000f5580000, 0x00000000fa180000, 0x0000000100000000)
  eden space 28672K, 99% used [0x00000000f5580000,0x00000000f717ff80,0x00000000f7180000)
  from space 14336K, 0% used [0x00000000f8900000,0x00000000f8900000,0x00000000f9700000)
  to   space 24064K, 0% used [0x00000000f7180000,0x00000000f7180000,0x00000000f8900000)
 ParOldGen       total 349696K, used 349689K [0x00000000e0000000, 0x00000000f5580000, 0x00000000f5580000)
  object space 349696K, 99% used [0x00000000e0000000,0x00000000f557e740,0x00000000f5580000)
 Metaspace       used 64698K, committed 65728K, reserved 1114112K
  class space    used 6292K, committed 6720K, reserved 1048576K
}
Event: 1257.575 GC heap before
{Heap before GC invocations=825 (full 750):
 PSYoungGen      total 43008K, used 28672K [0x00000000f5580000, 0x00000000fa180000, 0x0000000100000000)
  eden space 28672K, 100% used [0x00000000f5580000,0x00000000f7180000,0x00000000f7180000)
  from space 14336K, 0% used [0x00000000f8900000,0x00000000f8900000,0x00000000f9700000)
  to   space 24064K, 0% used [0x00000000f7180000,0x00000000f7180000,0x00000000f8900000)
 ParOldGen       total 349696K, used 349689K [0x00000000e0000000, 0x00000000f5580000, 0x00000000f5580000)
  object space 349696K, 99% used [0x00000000e0000000,0x00000000f557e740,0x00000000f5580000)
 Metaspace       used 64698K, committed 65728K, reserved 1114112K
  class space    used 6292K, committed 6720K, reserved 1048576K
}
Event: 1258.582 GC heap after
{Heap after GC invocations=825 (full 750):
 PSYoungGen      total 52736K, used 28671K [0x00000000f5580000, 0x00000000fa180000, 0x0000000100000000)
  eden space 28672K, 99% used [0x00000000f5580000,0x00000000f717ffe0,0x00000000f7180000)
  from space 24064K, 0% used [0x00000000f7180000,0x00000000f7180000,0x00000000f8900000)
  to   space 14336K, 0% used [0x00000000f8900000,0x00000000f8900000,0x00000000f9700000)
 ParOldGen       total 349696K, used 349689K [0x00000000e0000000, 0x00000000f5580000, 0x00000000f5580000)
  object space 349696K, 99% used [0x00000000e0000000,0x00000000f557e728,0x00000000f5580000)
 Metaspace       used 64698K, committed 65728K, reserved 1114112K
  class space    used 6292K, committed 6720K, reserved 1048576K
}
Event: 1258.582 GC heap before
{Heap before GC invocations=826 (full 751):
 PSYoungGen      total 52736K, used 28672K [0x00000000f5580000, 0x00000000fa180000, 0x0000000100000000)
  eden space 28672K, 100% used [0x00000000f5580000,0x00000000f7180000,0x00000000f7180000)
  from space 24064K, 0% used [0x00000000f7180000,0x00000000f7180000,0x00000000f8900000)
  to   space 14336K, 0% used [0x00000000f8900000,0x00000000f8900000,0x00000000f9700000)
 ParOldGen       total 349696K, used 349689K [0x00000000e0000000, 0x00000000f5580000, 0x00000000f5580000)
  object space 349696K, 99% used [0x00000000e0000000,0x00000000f557e728,0x00000000f5580000)
 Metaspace       used 64698K, committed 65728K, reserved 1114112K
  class space    used 6292K, committed 6720K, reserved 1048576K
}
Event: 1259.516 GC heap after
{Heap after GC invocations=826 (full 751):
 PSYoungGen      total 43008K, used 28671K [0x00000000f5580000, 0x00000000fa180000, 0x0000000100000000)
  eden space 28672K, 99% used [0x00000000f5580000,0x00000000f717ffc0,0x00000000f7180000)
  from space 14336K, 0% used [0x00000000f8900000,0x00000000f8900000,0x00000000f9700000)
  to   space 24064K, 0% used [0x00000000f7180000,0x00000000f7180000,0x00000000f8900000)
 ParOldGen       total 349696K, used 349689K [0x00000000e0000000, 0x00000000f5580000, 0x00000000f5580000)
  object space 349696K, 99% used [0x00000000e0000000,0x00000000f557e728,0x00000000f5580000)
 Metaspace       used 64698K, committed 65728K, reserved 1114112K
  class space    used 6292K, committed 6720K, reserved 1048576K
}
Event: 1259.516 GC heap before
{Heap before GC invocations=827 (full 752):
 PSYoungGen      total 43008K, used 28671K [0x00000000f5580000, 0x00000000fa180000, 0x0000000100000000)
  eden space 28672K, 99% used [0x00000000f5580000,0x00000000f717fff8,0x00000000f7180000)
  from space 14336K, 0% used [0x00000000f8900000,0x00000000f8900000,0x00000000f9700000)
  to   space 24064K, 0% used [0x00000000f7180000,0x00000000f7180000,0x00000000f8900000)
 ParOldGen       total 349696K, used 349689K [0x00000000e0000000, 0x00000000f5580000, 0x00000000f5580000)
  object space 349696K, 99% used [0x00000000e0000000,0x00000000f557e728,0x00000000f5580000)
 Metaspace       used 64699K, committed 65728K, reserved 1114112K
  class space    used 6292K, committed 6720K, reserved 1048576K
}
Event: 1260.509 GC heap after
{Heap after GC invocations=827 (full 752):
 PSYoungGen      total 52736K, used 28671K [0x00000000f5580000, 0x00000000fa180000, 0x0000000100000000)
  eden space 28672K, 99% used [0x00000000f5580000,0x00000000f717ffd8,0x00000000f7180000)
  from space 24064K, 0% used [0x00000000f7180000,0x00000000f7180000,0x00000000f8900000)
  to   space 14336K, 0% used [0x00000000f8900000,0x00000000f8900000,0x00000000f9700000)
 ParOldGen       total 349696K, used 349689K [0x00000000e0000000, 0x00000000f5580000, 0x00000000f5580000)
  object space 349696K, 99% used [0x00000000e0000000,0x00000000f557e708,0x00000000f5580000)
 Metaspace       used 64699K, committed 65728K, reserved 1114112K
  class space    used 6292K, committed 6720K, reserved 1048576K
}
Event: 1260.510 GC heap before
{Heap before GC invocations=828 (full 753):
 PSYoungGen      total 52736K, used 28672K [0x00000000f5580000, 0x00000000fa180000, 0x0000000100000000)
  eden space 28672K, 100% used [0x00000000f5580000,0x00000000f7180000,0x00000000f7180000)
  from space 24064K, 0% used [0x00000000f7180000,0x00000000f7180000,0x00000000f8900000)
  to   space 14336K, 0% used [0x00000000f8900000,0x00000000f8900000,0x00000000f9700000)
 ParOldGen       total 349696K, used 349689K [0x00000000e0000000, 0x00000000f5580000, 0x00000000f5580000)
  object space 349696K, 99% used [0x00000000e0000000,0x00000000f557e708,0x00000000f5580000)
 Metaspace       used 64699K, committed 65728K, reserved 1114112K
  class space    used 6292K, committed 6720K, reserved 1048576K
}
Event: 1261.585 GC heap after
{Heap after GC invocations=828 (full 753):
 PSYoungGen      total 43008K, used 28671K [0x00000000f5580000, 0x00000000fa180000, 0x0000000100000000)
  eden space 28672K, 99% used [0x00000000f5580000,0x00000000f717fff0,0x00000000f7180000)
  from space 14336K, 0% used [0x00000000f8900000,0x00000000f8900000,0x00000000f9700000)
  to   space 24064K, 0% used [0x00000000f7180000,0x00000000f7180000,0x00000000f8900000)
 ParOldGen       total 349696K, used 349689K [0x00000000e0000000, 0x00000000f5580000, 0x00000000f5580000)
  object space 349696K, 99% used [0x00000000e0000000,0x00000000f557e708,0x00000000f5580000)
 Metaspace       used 64699K, committed 65728K, reserved 1114112K
  class space    used 6292K, committed 6720K, reserved 1048576K
}
Event: 1261.586 GC heap before
{Heap before GC invocations=829 (full 754):
 PSYoungGen      total 43008K, used 28671K [0x00000000f5580000, 0x00000000fa180000, 0x0000000100000000)
  eden space 28672K, 99% used [0x00000000f5580000,0x00000000f717fff0,0x00000000f7180000)
  from space 14336K, 0% used [0x00000000f8900000,0x00000000f8900000,0x00000000f9700000)
  to   space 24064K, 0% used [0x00000000f7180000,0x00000000f7180000,0x00000000f8900000)
 ParOldGen       total 349696K, used 349691K [0x00000000e0000000, 0x00000000f5580000, 0x00000000f5580000)
  object space 349696K, 99% used [0x00000000e0000000,0x00000000f557eea8,0x00000000f5580000)
 Metaspace       used 64700K, committed 65728K, reserved 1114112K
  class space    used 6292K, committed 6720K, reserved 1048576K
}
Event: 1262.704 GC heap after
{Heap after GC invocations=829 (full 754):
 PSYoungGen      total 52736K, used 28671K [0x00000000f5580000, 0x00000000fa180000, 0x0000000100000000)
  eden space 28672K, 99% used [0x00000000f5580000,0x00000000f717ff00,0x00000000f7180000)
  from space 24064K, 0% used [0x00000000f7180000,0x00000000f7180000,0x00000000f8900000)
  to   space 14336K, 0% used [0x00000000f8900000,0x00000000f8900000,0x00000000f9700000)
 ParOldGen       total 349696K, used 349691K [0x00000000e0000000, 0x00000000f5580000, 0x00000000f5580000)
  object space 349696K, 99% used [0x00000000e0000000,0x00000000f557ee18,0x00000000f5580000)
 Metaspace       used 64700K, committed 65728K, reserved 1114112K
  class space    used 6292K, committed 6720K, reserved 1048576K
}
Event: 1262.704 GC heap before
{Heap before GC invocations=830 (full 755):
 PSYoungGen      total 52736K, used 28671K [0x00000000f5580000, 0x00000000fa180000, 0x0000000100000000)
  eden space 28672K, 99% used [0x00000000f5580000,0x00000000f717ffb0,0x00000000f7180000)
  from space 24064K, 0% used [0x00000000f7180000,0x00000000f7180000,0x00000000f8900000)
  to   space 14336K, 0% used [0x00000000f8900000,0x00000000f8900000,0x00000000f9700000)
 ParOldGen       total 349696K, used 349691K [0x00000000e0000000, 0x00000000f5580000, 0x00000000f5580000)
  object space 349696K, 99% used [0x00000000e0000000,0x00000000f557ee18,0x00000000f5580000)
 Metaspace       used 64700K, committed 65728K, reserved 1114112K
  class space    used 6292K, committed 6720K, reserved 1048576K
}
Event: 1263.809 GC heap after
{Heap after GC invocations=830 (full 755):
 PSYoungGen      total 43008K, used 28671K [0x00000000f5580000, 0x00000000fa180000, 0x0000000100000000)
  eden space 28672K, 99% used [0x00000000f5580000,0x00000000f717ff98,0x00000000f7180000)
  from space 14336K, 0% used [0x00000000f8900000,0x00000000f8900000,0x00000000f9700000)
  to   space 24064K, 0% used [0x00000000f7180000,0x00000000f7180000,0x00000000f8900000)
 ParOldGen       total 349696K, used 349691K [0x00000000e0000000, 0x00000000f5580000, 0x00000000f5580000)
  object space 349696K, 99% used [0x00000000e0000000,0x00000000f557ee18,0x00000000f5580000)
 Metaspace       used 64700K, committed 65728K, reserved 1114112K
  class space    used 6292K, committed 6720K, reserved 1048576K
}
Event: 1263.810 GC heap before
{Heap before GC invocations=831 (full 756):
 PSYoungGen      total 43008K, used 28672K [0x00000000f5580000, 0x00000000fa180000, 0x0000000100000000)
  eden space 28672K, 100% used [0x00000000f5580000,0x00000000f7180000,0x00000000f7180000)
  from space 14336K, 0% used [0x00000000f8900000,0x00000000f8900000,0x00000000f9700000)
  to   space 24064K, 0% used [0x00000000f7180000,0x00000000f7180000,0x00000000f8900000)
 ParOldGen       total 349696K, used 349691K [0x00000000e0000000, 0x00000000f5580000, 0x00000000f5580000)
  object space 349696K, 99% used [0x00000000e0000000,0x00000000f557ee18,0x00000000f5580000)
 Metaspace       used 64700K, committed 65728K, reserved 1114112K
  class space    used 6292K, committed 6720K, reserved 1048576K
}
Event: 1264.898 GC heap after
{Heap after GC invocations=831 (full 756):
 PSYoungGen      total 52736K, used 28672K [0x00000000f5580000, 0x00000000fa180000, 0x0000000100000000)
  eden space 28672K, 100% used [0x00000000f5580000,0x00000000f7180000,0x00000000f7180000)
  from space 24064K, 0% used [0x00000000f7180000,0x00000000f7180000,0x00000000f8900000)
  to   space 14336K, 0% used [0x00000000f8900000,0x00000000f8900000,0x00000000f9700000)
 ParOldGen       total 349696K, used 349691K [0x00000000e0000000, 0x00000000f5580000, 0x00000000f5580000)
  object space 349696K, 99% used [0x00000000e0000000,0x00000000f557ede8,0x00000000f5580000)
 Metaspace       used 64700K, committed 65728K, reserved 1114112K
  class space    used 6292K, committed 6720K, reserved 1048576K
}
Event: 1264.898 GC heap before
{Heap before GC invocations=832 (full 757):
 PSYoungGen      total 52736K, used 28672K [0x00000000f5580000, 0x00000000fa180000, 0x0000000100000000)
  eden space 28672K, 100% used [0x00000000f5580000,0x00000000f7180000,0x00000000f7180000)
  from space 24064K, 0% used [0x00000000f7180000,0x00000000f7180000,0x00000000f8900000)
  to   space 14336K, 0% used [0x00000000f8900000,0x00000000f8900000,0x00000000f9700000)
 ParOldGen       total 349696K, used 349694K [0x00000000e0000000, 0x00000000f5580000, 0x00000000f5580000)
  object space 349696K, 99% used [0x00000000e0000000,0x00000000f557fb50,0x00000000f5580000)
 Metaspace       used 64700K, committed 65728K, reserved 1114112K
  class space    used 6292K, committed 6720K, reserved 1048576K
}
Event: 1265.919 GC heap after
{Heap after GC invocations=832 (full 757):
 PSYoungGen      total 43008K, used 28671K [0x00000000f5580000, 0x00000000fa180000, 0x0000000100000000)
  eden space 28672K, 99% used [0x00000000f5580000,0x00000000f717fd10,0x00000000f7180000)
  from space 14336K, 0% used [0x00000000f8900000,0x00000000f8900000,0x00000000f9700000)
  to   space 24064K, 0% used [0x00000000f7180000,0x00000000f7180000,0x00000000f8900000)
 ParOldGen       total 349696K, used 349694K [0x00000000e0000000, 0x00000000f5580000, 0x00000000f5580000)
  object space 349696K, 99% used [0x00000000e0000000,0x00000000f557f8d8,0x00000000f5580000)
 Metaspace       used 64700K, committed 65728K, reserved 1114112K
  class space    used 6292K, committed 6720K, reserved 1048576K
}
Event: 1265.919 GC heap before
{Heap before GC invocations=833 (full 758):
 PSYoungGen      total 43008K, used 28671K [0x00000000f5580000, 0x00000000fa180000, 0x0000000100000000)
  eden space 28672K, 99% used [0x00000000f5580000,0x00000000f717fd10,0x00000000f7180000)
  from space 14336K, 0% used [0x00000000f8900000,0x00000000f8900000,0x00000000f9700000)
  to   space 24064K, 0% used [0x00000000f7180000,0x00000000f7180000,0x00000000f8900000)
 ParOldGen       total 349696K, used 349694K [0x00000000e0000000, 0x00000000f5580000, 0x00000000f5580000)
  object space 349696K, 99% used [0x00000000e0000000,0x00000000f557f8d8,0x00000000f5580000)
 Metaspace       used 64700K, committed 65728K, reserved 1114112K
  class space    used 6292K, committed 6720K, reserved 1048576K
}
Event: 1267.005 GC heap after
{Heap after GC invocations=833 (full 758):
 PSYoungGen      total 52736K, used 28671K [0x00000000f5580000, 0x00000000fa180000, 0x0000000100000000)
  eden space 28672K, 99% used [0x00000000f5580000,0x00000000f717fd10,0x00000000f7180000)
  from space 24064K, 0% used [0x00000000f7180000,0x00000000f7180000,0x00000000f8900000)
  to   space 14336K, 0% used [0x00000000f8900000,0x00000000f8900000,0x00000000f9700000)
 ParOldGen       total 349696K, used 349693K [0x00000000e0000000, 0x00000000f5580000, 0x00000000f5580000)
  object space 349696K, 99% used [0x00000000e0000000,0x00000000f557f710,0x00000000f5580000)
 Metaspace       used 64700K, committed 65728K, reserved 1114112K
  class space    used 6292K, committed 6720K, reserved 1048576K
}

